TN:
SF:database.js
FN:6,mongoConnect
FNF:1
FNH:0
FNDA:0,mongoConnect
DA:1,1
DA:2,1
DA:3,1
DA:4,1
DA:7,0
DA:10,1
LF:6
LH:5
BRF:0
BRH:0
end_of_record
TN:
SF:controllers\postControllers.js
FN:3,(anonymous_0)
FN:18,(anonymous_1)
FN:37,(anonymous_2)
FN:56,(anonymous_3)
FN:68,(anonymous_4)
FN:78,(anonymous_5)
FNF:6
FNH:5
FNDA:1,(anonymous_0)
FNDA:0,(anonymous_1)
FNDA:1,(anonymous_2)
FNDA:1,(anonymous_3)
FNDA:1,(anonymous_4)
FNDA:1,(anonymous_5)
DA:1,1
DA:3,1
DA:4,1
DA:5,1
DA:9,1
DA:11,0
DA:12,0
DA:18,1
DA:19,0
DA:20,0
DA:29,0
DA:31,0
DA:37,1
DA:38,1
DA:40,1
DA:48,1
DA:49,1
DA:50,1
DA:52,0
DA:56,1
DA:57,1
DA:58,1
DA:59,1
DA:60,0
DA:62,1
DA:64,0
DA:68,1
DA:69,1
DA:70,1
DA:71,1
DA:72,1
DA:74,0
DA:78,1
DA:79,1
DA:80,1
DA:81,1
DA:83,0
DA:87,1
LF:38
LH:27
BRDA:59,0,0,0
BRDA:59,0,1,1
BRF:2
BRH:1
end_of_record
TN:
SF:controllers\userControllers.js
FN:5,(anonymous_0)
FN:64,(anonymous_1)
FN:96,(anonymous_2)
FNF:3
FNH:3
FNDA:1,(anonymous_0)
FNDA:1,(anonymous_1)
FNDA:1,(anonymous_2)
DA:1,1
DA:2,1
DA:3,1
DA:5,1
DA:6,1
DA:7,1
DA:8,1
DA:10,1
DA:11,1
DA:12,0
DA:15,1
DA:16,1
DA:17,1
DA:26,1
DA:35,1
DA:36,1
DA:39,1
DA:43,1
DA:47,1
DA:53,0
DA:58,0
DA:60,0
DA:64,1
DA:65,1
DA:66,1
DA:67,1
DA:69,1
DA:70,1
DA:71,0
DA:75,1
DA:76,1
DA:83,1
DA:85,1
DA:89,0
DA:90,0
DA:96,1
DA:97,1
DA:98,1
DA:99,1
DA:100,1
DA:102,0
DA:103,0
DA:104,0
DA:110,0
DA:116,0
DA:117,0
DA:119,0
DA:120,0
DA:121,0
DA:123,0
DA:124,0
DA:128,1
LF:52
LH:34
BRDA:11,0,0,0
BRDA:11,0,1,1
BRDA:16,1,0,1
BRDA:16,1,1,0
BRDA:70,2,0,0
BRDA:70,2,1,1
BRDA:99,3,0,1
BRDA:99,3,1,0
BRDA:116,4,0,0
BRDA:116,4,1,0
BRF:10
BRH:4
end_of_record
TN:
SF:middlewares\middlewares.js
FN:4,(anonymous_0)
FN:10,(anonymous_1)
FN:22,(anonymous_2)
FN:29,(anonymous_3)
FN:47,(anonymous_4)
FN:56,(anonymous_5)
FNF:6
FNH:4
FNDA:5,(anonymous_0)
FNDA:5,(anonymous_1)
FNDA:3,(anonymous_2)
FNDA:2,(anonymous_3)
FNDA:0,(anonymous_4)
FNDA:0,(anonymous_5)
DA:1,1
DA:2,1
DA:4,1
DA:5,5
DA:7,5
DA:8,0
DA:10,5
DA:11,5
DA:12,0
DA:13,0
DA:15,0
DA:17,5
DA:18,5
DA:22,1
DA:23,3
DA:24,3
DA:26,0
DA:29,1
DA:30,2
DA:31,2
DA:32,2
DA:34,2
DA:35,2
DA:36,0
DA:38,2
DA:39,0
DA:41,2
DA:43,0
DA:47,1
DA:48,0
DA:50,0
DA:51,0
DA:56,0
DA:58,0
DA:60,0
DA:63,1
LF:36
LH:22
BRDA:7,0,0,0
BRDA:7,0,1,5
BRDA:11,1,0,0
BRDA:11,1,1,5
BRDA:12,2,0,0
BRDA:12,2,1,0
BRDA:23,3,0,3
BRDA:23,3,1,0
BRDA:35,4,0,0
BRDA:35,4,1,2
BRDA:38,5,0,0
BRDA:38,5,1,2
BRDA:50,6,0,0
BRDA:50,6,1,0
BRF:14
BRH:5
end_of_record
TN:
SF:models\model.js
FNF:0
FNH:0
DA:1,1
DA:3,1
DA:16,1
DA:26,1
LF:4
LH:4
BRF:0
BRH:0
end_of_record
TN:
SF:routes\routes.js
FN:5,(anonymous_0)
FNF:1
FNH:1
FNDA:1,(anonymous_0)
DA:1,1
DA:2,1
DA:3,1
DA:5,1
DA:6,1
DA:7,1
DA:8,1
DA:9,1
DA:11,1
DA:12,1
DA:13,1
DA:14,1
DA:15,1
DA:16,1
DA:19,1
LF:15
LH:15
BRF:0
BRH:0
end_of_record
TN:
SF:src\app.js
FNF:0
FNH:0
DA:1,1
DA:2,1
DA:3,1
DA:4,1
DA:6,1
DA:7,1
DA:9,1
DA:11,1
LF:8
LH:8
BRF:0
BRH:0
end_of_record
